<?xml version="1.0" encoding="UTF-8"?>
<!-- Generated by org.testng.reporters.JUnitReportReporter -->
<testsuite hostname="Asus-Dheeraj" failures="0" tests="2" name="test1.Test_may11" time="0.011" errors="0" timestamp="2021-06-15T10:28:23 IST" skipped="0">
  <testcase classname="test1.Test_may11" name="TC01" time="0.005"/>
  <system-out/>
  <testcase classname="test1.Test_may11" name="TC03" time="0.006"/>
  <system-out/>
</testsuite> <!-- test1.Test_may11 -->
