<?xml version="1.0" encoding="UTF-8"?>
<!-- Generated by org.testng.reporters.JUnitReportReporter -->
<testsuite hostname="Asus-Dheeraj" failures="0" tests="1" name="test_2.invokeDemoAcc" time="7.222" errors="0" timestamp="2021-06-15T10:28:12 IST" skipped="0">
  <testcase classname="test_2.invokeDemoAcc" name="openDemocart" time="7.222"/>
  <system-out/>
</testsuite> <!-- test_2.invokeDemoAcc -->
