<?xml version="1.0" encoding="UTF-8"?>
<!-- Generated by org.testng.reporters.JUnitReportReporter -->
<testsuite hostname="Asus-Dheeraj" failures="0" tests="1" name="test_2.NewTest1" time="0.005" errors="0" timestamp="2021-06-15T10:26:53 IST" skipped="0">
  <testcase classname="test_2.NewTest1" name="f" time="0.005"/>
  <system-out/>
</testsuite> <!-- test_2.NewTest1 -->
