<?xml version="1.0" encoding="UTF-8"?>
<!-- Generated by org.testng.reporters.JUnitReportReporter -->
<testsuite hostname="Asus-Dheeraj" failures="0" tests="3" name="test1.Test_2" time="0.004" errors="0" timestamp="2021-06-15T10:28:23 IST" skipped="0">
  <testcase classname="test1.Test_2" name="TC01" time="0.002"/>
  <system-out/>
  <testcase classname="test1.Test_2" name="TC03" time="0.001"/>
  <system-out/>
  <testcase classname="test1.Test_2" name="TC02" time="0.001"/>
  <system-out/>
</testsuite> <!-- test1.Test_2 -->
